<?xml version="1.0" encoding="UTF-8"?>
<!-- Generated by org.testng.reporters.JUnitXMLReporter -->
<testsuite hostname="shaikhs-mbp.lan" ignored="2" name="HafizBhaiName" tests="1" failures="0" timestamp="01 Sep 2019 21:17:52 GMT" time="0.047" errors="0">
  <testcase name="test1" time="0.011" classname="com.bit.ui.test.SmokeTest"/>
  <testcase name="test2" time="0.0" classname="com.bit.ui.test.SmokeTest">
    <ignored/>
  </testcase> <!-- test2 -->
  <testcase name="f" time="0.0" classname="com.bit.ui.test.BaseTest">
    <ignored/>
  </testcase> <!-- f -->
</testsuite> <!-- HafizBhaiName -->
